#
# There is insufficient memory for the Java Runtime Environment to continue.
# Native memory allocation (malloc) failed to allocate 32744 bytes for ChunkPool::allocate
# Possible reasons:
#   The system is out of physical RAM or swap space
#   The process is running with CompressedOops enabled, and the Java Heap may be blocking the growth of the native heap
# Possible solutions:
#   Reduce memory load on the system
#   Increase physical memory or swap space
#   Check if swap backing store is full
#   Decrease Java heap size (-Xmx/-Xms)
#   Decrease number of Java threads
# JRE version: OpenJDK Runtime Environment Corretto-11.0.25.9.1 (11.0.25+9) (build 11.0.25+9-LTS)
# Java VM: OpenJDK 64-Bit Server VM Corretto-11.0.25.9.1 (11.0.25+9-LTS, mixed mode, tiered, compressed oops, g1 gc, windows-amd64)
# No core dump will be written. Minidumps are not enabled by default on client versions of Windows
#

---------------  S U M M A R Y ------------

Command Line: -Djava.awt.headless=true -Dscanner.home=C:\SONARv4\sonar-scanner-4.6.2.2472\bin\.. -Dproject.home=C:\Users\charly.dalagon\bars-service.charly.dalagon org.sonarsource.scanner.cli.Main -X

Host: Intel(R) Core(TM) i5-8365U CPU @ 1.60GHz, 8 cores, 7G,  Windows 11 , 64 bit Build 22621 (10.0.22621.4391)
Time: Fri Dec 13 17:15:50 2024 China Standard Time elapsed time: 136.242995 seconds (0d 0h 2m 16s)

---------------  T H R E A D  ---------------

Current thread (0x0000029fa7d9b000):  JavaThread "C1 CompilerThread0" daemon [_thread_in_native, id=41592, stack(0x000000c292d00000,0x000000c292e00000)]


Current CompileTask:
C1: 136243 4443       3      
[error occurred during error reporting (printing current compile task), id 0xe0000001, Out of Memory Error (s\src\hotspot\share\memory\arena.cpp:81)]

Stack: [0x000000c292d00000,0x000000c292e00000]
Native frames: (J=compiled Java code, j=interpreted, Vv=VM code, C=native code)
V  [jvm.dll+0x64644a]
